[ 2013-11-13T11:05:51+08:00 ] 127.0.0.1 /
INFO: [ app_begin ] --START--
INFO: ReadHtmlCache Behavior ::run [ RunTime:0.003558s ]
INFO: [ app_begin ] --END-- [ RunTime:0.003651s ]
SQL: SHOW COLUMNS FROM `piao_user` [ RunTime:0.109359s ]
SQL: SELECT * FROM `piao_user`  [ RunTime:0.004328s ]

[ 2013-11-13T11:06:44+08:00 ] 127.0.0.1 /
INFO: [ app_begin ] --START--
INFO: ReadHtmlCache Behavior ::run [ RunTime:0.004080s ]
INFO: [ app_begin ] --END-- [ RunTime:0.004229s ]

[ 2013-11-13T11:07:13+08:00 ] 127.0.0.1 /
INFO: [ app_begin ] --START--
INFO: ReadHtmlCache Behavior ::run [ RunTime:0.003856s ]
INFO: [ app_begin ] --END-- [ RunTime:0.003951s ]
SQL: SHOW COLUMNS FROM `piao_user` [ RunTime:0.011600s ]
SQL: SELECT * FROM `piao_user`  [ RunTime:0.000710s ]

[ 2013-11-13T11:08:53+08:00 ] 127.0.0.1 /
INFO: [ app_begin ] --START--
INFO: ReadHtmlCache Behavior ::run [ RunTime:0.003471s ]
INFO: [ app_begin ] --END-- [ RunTime:0.003563s ]
SQL: SHOW COLUMNS FROM `piao_user` [ RunTime:0.002370s ]

[ 2013-11-13T11:09:09+08:00 ] 127.0.0.1 /
INFO: [ app_begin ] --START--
INFO: ReadHtmlCache Behavior ::run [ RunTime:0.003813s ]
INFO: [ app_begin ] --END-- [ RunTime:0.003910s ]
SQL: SHOW COLUMNS FROM `piao_user` [ RunTime:0.002531s ]

[ 2013-11-13T11:09:27+08:00 ] 127.0.0.1 /
INFO: [ app_begin ] --START--
INFO: ReadHtmlCache Behavior ::run [ RunTime:0.003915s ]
INFO: [ app_begin ] --END-- [ RunTime:0.004020s ]
SQL: SHOW COLUMNS FROM `piao_user` [ RunTime:0.002232s ]

[ 2013-11-13T11:09:28+08:00 ] 127.0.0.1 /
INFO: [ app_begin ] --START--
INFO: ReadHtmlCache Behavior ::run [ RunTime:0.003517s ]
INFO: [ app_begin ] --END-- [ RunTime:0.003608s ]
SQL: SHOW COLUMNS FROM `piao_user` [ RunTime:0.002187s ]

[ 2013-11-13T11:10:03+08:00 ] 127.0.0.1 /
INFO: [ app_begin ] --START--
INFO: ReadHtmlCache Behavior ::run [ RunTime:0.003472s ]
INFO: [ app_begin ] --END-- [ RunTime:0.003567s ]

[ 2013-11-13T11:10:03+08:00 ] 127.0.0.1 /
INFO: [ app_begin ] --START--
INFO: ReadHtmlCache Behavior ::run [ RunTime:0.004700s ]
INFO: [ app_begin ] --END-- [ RunTime:0.005329s ]

[ 2013-11-13T11:13:36+08:00 ] 127.0.0.1 /
INFO: [ app_begin ] --START--
INFO: ReadHtmlCache Behavior ::run [ RunTime:0.003817s ]
INFO: [ app_begin ] --END-- [ RunTime:0.003924s ]

[ 2013-11-13T11:14:05+08:00 ] 127.0.0.1 /
INFO: [ app_begin ] --START--
INFO: ReadHtmlCache Behavior ::run [ RunTime:0.003649s ]
INFO: [ app_begin ] --END-- [ RunTime:0.003748s ]

[ 2013-11-13T11:14:06+08:00 ] 127.0.0.1 /
INFO: [ app_begin ] --START--
INFO: ReadHtmlCache Behavior ::run [ RunTime:0.004132s ]
INFO: [ app_begin ] --END-- [ RunTime:0.004233s ]

[ 2013-11-13T11:14:16+08:00 ] 127.0.0.1 /
INFO: [ app_begin ] --START--
INFO: ReadHtmlCache Behavior ::run [ RunTime:0.003492s ]
INFO: [ app_begin ] --END-- [ RunTime:0.003586s ]

[ 2013-11-13T11:20:05+08:00 ] 127.0.0.1 /
INFO: [ app_begin ] --START--
INFO: ReadHtmlCache Behavior ::run [ RunTime:0.004514s ]
INFO: [ app_begin ] --END-- [ RunTime:0.004617s ]

[ 2013-11-13T11:20:37+08:00 ] 127.0.0.1 /
INFO: [ app_begin ] --START--
INFO: ReadHtmlCache Behavior ::run [ RunTime:0.003588s ]
INFO: [ app_begin ] --END-- [ RunTime:0.003684s ]

[ 2013-11-13T11:25:11+08:00 ] 127.0.0.1 /
INFO: [ app_begin ] --START--
INFO: ReadHtmlCache Behavior ::run [ RunTime:0.004946s ]
INFO: [ app_begin ] --END-- [ RunTime:0.005132s ]

[ 2013-11-13T11:25:31+08:00 ] 127.0.0.1 /
INFO: [ app_begin ] --START--
INFO: ReadHtmlCache Behavior ::run [ RunTime:0.003492s ]
INFO: [ app_begin ] --END-- [ RunTime:0.003583s ]

[ 2013-11-13T11:25:53+08:00 ] 127.0.0.1 /
INFO: [ app_begin ] --START--
INFO: ReadHtmlCache Behavior ::run [ RunTime:0.003664s ]
INFO: [ app_begin ] --END-- [ RunTime:0.003759s ]

[ 2013-11-13T11:27:25+08:00 ] 127.0.0.1 /
INFO: [ app_begin ] --START--
INFO: ReadHtmlCache Behavior ::run [ RunTime:0.003713s ]
INFO: [ app_begin ] --END-- [ RunTime:0.003842s ]

[ 2013-11-13T11:28:16+08:00 ] 127.0.0.1 /
INFO: [ app_begin ] --START--
INFO: ReadHtmlCache Behavior ::run [ RunTime:0.003701s ]
INFO: [ app_begin ] --END-- [ RunTime:0.003800s ]

[ 2013-11-13T11:28:17+08:00 ] 127.0.0.1 /
INFO: [ app_begin ] --START--
INFO: ReadHtmlCache Behavior ::run [ RunTime:0.005037s ]
INFO: [ app_begin ] --END-- [ RunTime:0.005207s ]

[ 2013-11-13T11:28:26+08:00 ] 127.0.0.1 /
INFO: [ app_begin ] --START--
INFO: ReadHtmlCache Behavior ::run [ RunTime:0.003843s ]
INFO: [ app_begin ] --END-- [ RunTime:0.003938s ]

[ 2013-11-13T11:28:27+08:00 ] 127.0.0.1 /
INFO: [ app_begin ] --START--
INFO: ReadHtmlCache Behavior ::run [ RunTime:0.005020s ]
INFO: [ app_begin ] --END-- [ RunTime:0.005127s ]

[ 2013-11-13T11:31:53+08:00 ] 127.0.0.1 /
INFO: [ app_begin ] --START--
INFO: ReadHtmlCache Behavior ::run [ RunTime:0.004799s ]
INFO: [ app_begin ] --END-- [ RunTime:0.005140s ]

[ 2013-11-13T11:31:54+08:00 ] 127.0.0.1 /
INFO: [ app_begin ] --START--
INFO: ReadHtmlCache Behavior ::run [ RunTime:0.005365s ]
INFO: [ app_begin ] --END-- [ RunTime:0.005930s ]

[ 2013-11-13T11:34:42+08:00 ] 127.0.0.1 /index.php/test
INFO: [ route_check ] --START--
INFO: CheckRoute Behavior ::run [ RunTime:0.004130s ]
INFO: [ route_check ] --END-- [ RunTime:0.004616s ]
INFO: [ app_begin ] --START--
INFO: ReadHtmlCache Behavior ::run [ RunTime:0.003593s ]
INFO: [ app_begin ] --END-- [ RunTime:0.003668s ]
ERR: 无法加载模块:Test

[ 2013-11-13T11:39:47+08:00 ] 127.0.0.1 /index.php/Index/wocao
INFO: [ route_check ] --START--
INFO: CheckRoute Behavior ::run [ RunTime:0.004769s ]
INFO: [ route_check ] --END-- [ RunTime:0.004882s ]
INFO: [ app_begin ] --START--
INFO: ReadHtmlCache Behavior ::run [ RunTime:0.004057s ]
INFO: [ app_begin ] --END-- [ RunTime:0.004147s ]

[ 2013-11-13T11:40:44+08:00 ] 127.0.0.1 /Index/wocao
INFO: [ route_check ] --START--
INFO: CheckRoute Behavior ::run [ RunTime:0.003761s ]
INFO: [ route_check ] --END-- [ RunTime:0.003856s ]
INFO: [ app_begin ] --START--
INFO: ReadHtmlCache Behavior ::run [ RunTime:0.004086s ]
INFO: [ app_begin ] --END-- [ RunTime:0.004175s ]

[ 2013-11-13T11:42:34+08:00 ] 127.0.0.1 /
INFO: [ app_begin ] --START--
INFO: ReadHtmlCache Behavior ::run [ RunTime:0.004625s ]
INFO: [ app_begin ] --END-- [ RunTime:0.004856s ]

[ 2013-11-13T11:42:37+08:00 ] 127.0.0.1 /Index/wocao
INFO: [ route_check ] --START--
INFO: CheckRoute Behavior ::run [ RunTime:0.005110s ]
INFO: [ route_check ] --END-- [ RunTime:0.005214s ]
INFO: [ app_begin ] --START--
INFO: ReadHtmlCache Behavior ::run [ RunTime:0.005086s ]
INFO: [ app_begin ] --END-- [ RunTime:0.005173s ]

[ 2013-11-13T11:43:47+08:00 ] 127.0.0.1 /
INFO: [ app_begin ] --START--
INFO: ReadHtmlCache Behavior ::run [ RunTime:0.003960s ]
INFO: [ app_begin ] --END-- [ RunTime:0.004060s ]

[ 2013-11-13T11:43:49+08:00 ] 127.0.0.1 /Index/wocao
INFO: [ route_check ] --START--
INFO: CheckRoute Behavior ::run [ RunTime:0.004555s ]
INFO: [ route_check ] --END-- [ RunTime:0.004728s ]
INFO: [ app_begin ] --START--
INFO: ReadHtmlCache Behavior ::run [ RunTime:0.004269s ]
INFO: [ app_begin ] --END-- [ RunTime:0.004416s ]

[ 2013-11-13T11:43:50+08:00 ] 127.0.0.1 /Index/wocao
INFO: [ route_check ] --START--
INFO: CheckRoute Behavior ::run [ RunTime:0.004206s ]
INFO: [ route_check ] --END-- [ RunTime:0.004308s ]
INFO: [ app_begin ] --START--
INFO: ReadHtmlCache Behavior ::run [ RunTime:0.004773s ]
INFO: [ app_begin ] --END-- [ RunTime:0.004858s ]

[ 2013-11-13T11:43:51+08:00 ] 127.0.0.1 /Index/wocao
INFO: [ route_check ] --START--
INFO: CheckRoute Behavior ::run [ RunTime:0.005308s ]
INFO: [ route_check ] --END-- [ RunTime:0.005443s ]
INFO: [ app_begin ] --START--
INFO: ReadHtmlCache Behavior ::run [ RunTime:0.005529s ]
INFO: [ app_begin ] --END-- [ RunTime:0.005669s ]

[ 2013-11-13T11:43:57+08:00 ] 127.0.0.1 /Index/wocao
INFO: [ route_check ] --START--
INFO: CheckRoute Behavior ::run [ RunTime:0.003742s ]
INFO: [ route_check ] --END-- [ RunTime:0.003836s ]
INFO: [ app_begin ] --START--
INFO: ReadHtmlCache Behavior ::run [ RunTime:0.003830s ]
INFO: [ app_begin ] --END-- [ RunTime:0.003907s ]

[ 2013-11-13T11:43:58+08:00 ] 127.0.0.1 /
INFO: [ app_begin ] --START--
INFO: ReadHtmlCache Behavior ::run [ RunTime:0.004993s ]
INFO: [ app_begin ] --END-- [ RunTime:0.005243s ]

[ 2013-11-13T11:44:49+08:00 ] 127.0.0.1 /
INFO: [ app_begin ] --START--
INFO: ReadHtmlCache Behavior ::run [ RunTime:0.004321s ]
INFO: [ app_begin ] --END-- [ RunTime:0.004434s ]

[ 2013-11-13T11:44:50+08:00 ] 127.0.0.1 /
INFO: [ app_begin ] --START--
INFO: ReadHtmlCache Behavior ::run [ RunTime:0.006125s ]
INFO: [ app_begin ] --END-- [ RunTime:0.006294s ]

[ 2013-11-13T11:44:52+08:00 ] 127.0.0.1 /Index/wocao
INFO: [ route_check ] --START--
INFO: CheckRoute Behavior ::run [ RunTime:0.004339s ]
INFO: [ route_check ] --END-- [ RunTime:0.004440s ]
INFO: [ app_begin ] --START--
INFO: ReadHtmlCache Behavior ::run [ RunTime:0.003654s ]
INFO: [ app_begin ] --END-- [ RunTime:0.003726s ]

[ 2013-11-13T11:46:14+08:00 ] 127.0.0.1 /
INFO: [ app_begin ] --START--
INFO: ReadHtmlCache Behavior ::run [ RunTime:0.003442s ]
INFO: [ app_begin ] --END-- [ RunTime:0.003589s ]

[ 2013-11-13T11:46:17+08:00 ] 127.0.0.1 /Index/wocao
INFO: [ route_check ] --START--
INFO: CheckRoute Behavior ::run [ RunTime:0.005321s ]
INFO: [ route_check ] --END-- [ RunTime:0.005469s ]
INFO: [ app_begin ] --START--
INFO: ReadHtmlCache Behavior ::run [ RunTime:0.003451s ]
INFO: [ app_begin ] --END-- [ RunTime:0.003521s ]

[ 2013-11-13T11:46:56+08:00 ] 127.0.0.1 /Index/wocao
INFO: [ route_check ] --START--
INFO: CheckRoute Behavior ::run [ RunTime:0.004708s ]
INFO: [ route_check ] --END-- [ RunTime:0.004810s ]
INFO: [ app_begin ] --START--
INFO: ReadHtmlCache Behavior ::run [ RunTime:0.004040s ]
INFO: [ app_begin ] --END-- [ RunTime:0.004122s ]

[ 2013-11-13T11:46:56+08:00 ] 127.0.0.1 /Index/wocao
INFO: [ route_check ] --START--
INFO: CheckRoute Behavior ::run [ RunTime:0.005306s ]
INFO: [ route_check ] --END-- [ RunTime:0.005413s ]
INFO: [ app_begin ] --START--
INFO: ReadHtmlCache Behavior ::run [ RunTime:0.005664s ]
INFO: [ app_begin ] --END-- [ RunTime:0.006035s ]

[ 2013-11-13T11:46:56+08:00 ] 127.0.0.1 /Index/wocao
INFO: [ route_check ] --START--
INFO: CheckRoute Behavior ::run [ RunTime:0.005879s ]
INFO: [ route_check ] --END-- [ RunTime:0.006006s ]
INFO: [ app_begin ] --START--
INFO: ReadHtmlCache Behavior ::run [ RunTime:0.004063s ]
INFO: [ app_begin ] --END-- [ RunTime:0.004418s ]

[ 2013-11-13T11:46:57+08:00 ] 127.0.0.1 /
INFO: [ app_begin ] --START--
INFO: ReadHtmlCache Behavior ::run [ RunTime:0.003552s ]
INFO: [ app_begin ] --END-- [ RunTime:0.003681s ]

[ 2013-11-13T11:46:58+08:00 ] 127.0.0.1 /
INFO: [ app_begin ] --START--
INFO: ReadHtmlCache Behavior ::run [ RunTime:0.003972s ]
INFO: [ app_begin ] --END-- [ RunTime:0.004067s ]

[ 2013-11-13T11:46:58+08:00 ] 127.0.0.1 /
INFO: [ app_begin ] --START--
INFO: ReadHtmlCache Behavior ::run [ RunTime:0.006391s ]
INFO: [ app_begin ] --END-- [ RunTime:0.006530s ]

[ 2013-11-13T11:48:47+08:00 ] 127.0.0.1 /
INFO: [ app_begin ] --START--
INFO: ReadHtmlCache Behavior ::run [ RunTime:0.008239s ]
INFO: [ app_begin ] --END-- [ RunTime:0.008398s ]

[ 2013-11-13T11:48:48+08:00 ] 127.0.0.1 /
INFO: [ app_begin ] --START--
INFO: ReadHtmlCache Behavior ::run [ RunTime:0.005669s ]
INFO: [ app_begin ] --END-- [ RunTime:0.005793s ]

[ 2013-11-13T11:48:50+08:00 ] 127.0.0.1 /Index/wocao
INFO: [ route_check ] --START--
INFO: CheckRoute Behavior ::run [ RunTime:0.005413s ]
INFO: [ route_check ] --END-- [ RunTime:0.005593s ]
INFO: [ app_begin ] --START--
INFO: ReadHtmlCache Behavior ::run [ RunTime:0.004237s ]
INFO: [ app_begin ] --END-- [ RunTime:0.004313s ]

[ 2013-11-13T11:49:32+08:00 ] 127.0.0.1 /
INFO: [ app_begin ] --START--
INFO: ReadHtmlCache Behavior ::run [ RunTime:0.003512s ]
INFO: [ app_begin ] --END-- [ RunTime:0.003604s ]

[ 2013-11-13T11:49:33+08:00 ] 127.0.0.1 /
INFO: [ app_begin ] --START--
INFO: ReadHtmlCache Behavior ::run [ RunTime:0.004225s ]
INFO: [ app_begin ] --END-- [ RunTime:0.004331s ]

[ 2013-11-13T11:49:34+08:00 ] 127.0.0.1 /Index/wocao
INFO: [ route_check ] --START--
INFO: CheckRoute Behavior ::run [ RunTime:0.004859s ]
INFO: [ route_check ] --END-- [ RunTime:0.004972s ]
INFO: [ app_begin ] --START--
INFO: ReadHtmlCache Behavior ::run [ RunTime:0.003445s ]
INFO: [ app_begin ] --END-- [ RunTime:0.003513s ]

[ 2013-11-13T11:49:34+08:00 ] 127.0.0.1 /Index/wocao
INFO: [ route_check ] --START--
INFO: CheckRoute Behavior ::run [ RunTime:0.004878s ]
INFO: [ route_check ] --END-- [ RunTime:0.005059s ]
INFO: [ app_begin ] --START--
INFO: ReadHtmlCache Behavior ::run [ RunTime:0.005089s ]
INFO: [ app_begin ] --END-- [ RunTime:0.005231s ]

[ 2013-11-13T11:49:34+08:00 ] 127.0.0.1 /Index/wocao
INFO: [ route_check ] --START--
INFO: CheckRoute Behavior ::run [ RunTime:0.003964s ]
INFO: [ route_check ] --END-- [ RunTime:0.004077s ]
INFO: [ app_begin ] --START--
INFO: ReadHtmlCache Behavior ::run [ RunTime:0.003960s ]
INFO: [ app_begin ] --END-- [ RunTime:0.004046s ]

[ 2013-11-13T11:51:16+08:00 ] 127.0.0.1 /Index/wocao
INFO: [ route_check ] --START--
INFO: CheckRoute Behavior ::run [ RunTime:0.009416s ]
INFO: [ route_check ] --END-- [ RunTime:0.009585s ]
INFO: [ app_begin ] --START--
INFO: ReadHtmlCache Behavior ::run [ RunTime:0.003733s ]
INFO: [ app_begin ] --END-- [ RunTime:0.003836s ]

[ 2013-11-13T11:51:17+08:00 ] 127.0.0.1 /Index/wocao
INFO: [ route_check ] --START--
INFO: CheckRoute Behavior ::run [ RunTime:0.003983s ]
INFO: [ route_check ] --END-- [ RunTime:0.004090s ]
INFO: [ app_begin ] --START--
INFO: ReadHtmlCache Behavior ::run [ RunTime:0.003396s ]
INFO: [ app_begin ] --END-- [ RunTime:0.003464s ]

[ 2013-11-13T11:51:18+08:00 ] 127.0.0.1 /
INFO: [ app_begin ] --START--
INFO: ReadHtmlCache Behavior ::run [ RunTime:0.004283s ]
INFO: [ app_begin ] --END-- [ RunTime:0.004384s ]

[ 2013-11-13T11:51:36+08:00 ] 127.0.0.1 /Index/wocao
INFO: [ route_check ] --START--
INFO: CheckRoute Behavior ::run [ RunTime:0.008138s ]
INFO: [ route_check ] --END-- [ RunTime:0.008308s ]
INFO: [ app_begin ] --START--
INFO: ReadHtmlCache Behavior ::run [ RunTime:0.003614s ]
INFO: [ app_begin ] --END-- [ RunTime:0.003690s ]

[ 2013-11-13T11:51:52+08:00 ] 127.0.0.1 /Index/wocao
INFO: [ route_check ] --START--
INFO: CheckRoute Behavior ::run [ RunTime:0.007011s ]
INFO: [ route_check ] --END-- [ RunTime:0.007156s ]
INFO: [ app_begin ] --START--
INFO: ReadHtmlCache Behavior ::run [ RunTime:0.003745s ]
INFO: [ app_begin ] --END-- [ RunTime:0.003828s ]

[ 2013-11-13T11:51:53+08:00 ] 127.0.0.1 /Index/wocao
INFO: [ route_check ] --START--
INFO: CheckRoute Behavior ::run [ RunTime:0.006120s ]
INFO: [ route_check ] --END-- [ RunTime:0.006228s ]
INFO: [ app_begin ] --START--
INFO: ReadHtmlCache Behavior ::run [ RunTime:0.003519s ]
INFO: [ app_begin ] --END-- [ RunTime:0.003591s ]

[ 2013-11-13T11:51:56+08:00 ] 127.0.0.1 /
INFO: [ app_begin ] --START--
INFO: ReadHtmlCache Behavior ::run [ RunTime:0.005149s ]
INFO: [ app_begin ] --END-- [ RunTime:0.005401s ]

[ 2013-11-13T11:53:28+08:00 ] 127.0.0.1 /
INFO: [ app_begin ] --START--
INFO: ReadHtmlCache Behavior ::run [ RunTime:0.003747s ]
INFO: [ app_begin ] --END-- [ RunTime:0.003847s ]

[ 2013-11-13T11:53:31+08:00 ] 127.0.0.1 /
INFO: [ app_begin ] --START--
INFO: ReadHtmlCache Behavior ::run [ RunTime:0.004655s ]
INFO: [ app_begin ] --END-- [ RunTime:0.004753s ]

[ 2013-11-13T11:53:32+08:00 ] 127.0.0.1 /
INFO: [ app_begin ] --START--
INFO: ReadHtmlCache Behavior ::run [ RunTime:0.003576s ]
INFO: [ app_begin ] --END-- [ RunTime:0.003667s ]

[ 2013-11-13T11:53:33+08:00 ] 127.0.0.1 /
INFO: [ app_begin ] --START--
INFO: ReadHtmlCache Behavior ::run [ RunTime:0.004756s ]
INFO: [ app_begin ] --END-- [ RunTime:0.004859s ]

[ 2013-11-13T11:53:47+08:00 ] 127.0.0.1 /
INFO: [ app_begin ] --START--
INFO: ReadHtmlCache Behavior ::run [ RunTime:0.004273s ]
INFO: [ app_begin ] --END-- [ RunTime:0.004380s ]

[ 2013-11-13T11:53:48+08:00 ] 127.0.0.1 /
INFO: [ app_begin ] --START--
INFO: ReadHtmlCache Behavior ::run [ RunTime:0.005771s ]
INFO: [ app_begin ] --END-- [ RunTime:0.005895s ]

[ 2013-11-13T11:53:49+08:00 ] 127.0.0.1 /
INFO: [ app_begin ] --START--
INFO: ReadHtmlCache Behavior ::run [ RunTime:0.004124s ]
INFO: [ app_begin ] --END-- [ RunTime:0.004234s ]

[ 2013-11-13T11:53:49+08:00 ] 127.0.0.1 /
INFO: [ app_begin ] --START--
INFO: ReadHtmlCache Behavior ::run [ RunTime:0.003809s ]
INFO: [ app_begin ] --END-- [ RunTime:0.003906s ]

[ 2013-11-13T11:56:51+08:00 ] 127.0.0.1 /
INFO: [ app_begin ] --START--
INFO: ReadHtmlCache Behavior ::run [ RunTime:0.009178s ]
INFO: [ app_begin ] --END-- [ RunTime:0.009321s ]

[ 2013-11-13T11:57:13+08:00 ] 127.0.0.1 /
INFO: [ app_begin ] --START--
INFO: ReadHtmlCache Behavior ::run [ RunTime:0.003914s ]
INFO: [ app_begin ] --END-- [ RunTime:0.004008s ]

[ 2013-11-13T11:57:14+08:00 ] 127.0.0.1 /
INFO: [ app_begin ] --START--
INFO: ReadHtmlCache Behavior ::run [ RunTime:0.003506s ]
INFO: [ app_begin ] --END-- [ RunTime:0.003604s ]

[ 2013-11-13T11:57:19+08:00 ] 127.0.0.1 /
INFO: [ app_begin ] --START--
INFO: ReadHtmlCache Behavior ::run [ RunTime:0.003474s ]
INFO: [ app_begin ] --END-- [ RunTime:0.003563s ]

[ 2013-11-13T11:57:30+08:00 ] 127.0.0.1 /
INFO: [ app_begin ] --START--
INFO: ReadHtmlCache Behavior ::run [ RunTime:0.006977s ]
INFO: [ app_begin ] --END-- [ RunTime:0.007138s ]

[ 2013-11-13T11:57:31+08:00 ] 127.0.0.1 /
INFO: [ app_begin ] --START--
INFO: ReadHtmlCache Behavior ::run [ RunTime:0.005617s ]
INFO: [ app_begin ] --END-- [ RunTime:0.005728s ]

[ 2013-11-13T11:57:38+08:00 ] 127.0.0.1 /
INFO: [ app_begin ] --START--
INFO: ReadHtmlCache Behavior ::run [ RunTime:0.003855s ]
INFO: [ app_begin ] --END-- [ RunTime:0.003957s ]

[ 2013-11-13T11:57:39+08:00 ] 127.0.0.1 /
INFO: [ app_begin ] --START--
INFO: ReadHtmlCache Behavior ::run [ RunTime:0.004292s ]
INFO: [ app_begin ] --END-- [ RunTime:0.004400s ]

[ 2013-11-13T11:57:44+08:00 ] 127.0.0.1 /
INFO: [ app_begin ] --START--
INFO: ReadHtmlCache Behavior ::run [ RunTime:0.003500s ]
INFO: [ app_begin ] --END-- [ RunTime:0.003592s ]

[ 2013-11-13T11:58:01+08:00 ] 127.0.0.1 /
INFO: [ app_begin ] --START--
INFO: ReadHtmlCache Behavior ::run [ RunTime:0.003489s ]
INFO: [ app_begin ] --END-- [ RunTime:0.003685s ]

[ 2013-11-13T11:58:09+08:00 ] 127.0.0.1 /
INFO: [ app_begin ] --START--
INFO: ReadHtmlCache Behavior ::run [ RunTime:0.004425s ]
INFO: [ app_begin ] --END-- [ RunTime:0.004574s ]

[ 2013-11-13T11:58:14+08:00 ] 127.0.0.1 /
INFO: [ app_begin ] --START--
INFO: ReadHtmlCache Behavior ::run [ RunTime:0.003505s ]
INFO: [ app_begin ] --END-- [ RunTime:0.003596s ]

[ 2013-11-13T11:58:32+08:00 ] 127.0.0.1 /
INFO: [ app_begin ] --START--
INFO: ReadHtmlCache Behavior ::run [ RunTime:0.003940s ]
INFO: [ app_begin ] --END-- [ RunTime:0.004036s ]

[ 2013-11-13T12:02:00+08:00 ] 127.0.0.1 /
INFO: [ app_begin ] --START--
INFO: ReadHtmlCache Behavior ::run [ RunTime:0.003486s ]
INFO: [ app_begin ] --END-- [ RunTime:0.003575s ]

[ 2013-11-13T12:02:07+08:00 ] 127.0.0.1 /
INFO: [ app_begin ] --START--
INFO: ReadHtmlCache Behavior ::run [ RunTime:0.003910s ]
INFO: [ app_begin ] --END-- [ RunTime:0.004035s ]

[ 2013-11-13T12:04:44+08:00 ] 127.0.0.1 /
INFO: [ app_begin ] --START--
INFO: ReadHtmlCache Behavior ::run [ RunTime:0.004476s ]
INFO: [ app_begin ] --END-- [ RunTime:0.004578s ]

[ 2013-11-13T12:04:46+08:00 ] 127.0.0.1 /
INFO: [ app_begin ] --START--
INFO: ReadHtmlCache Behavior ::run [ RunTime:0.005140s ]
INFO: [ app_begin ] --END-- [ RunTime:0.005258s ]

[ 2013-11-13T12:04:57+08:00 ] 127.0.0.1 /
INFO: [ app_begin ] --START--
INFO: ReadHtmlCache Behavior ::run [ RunTime:0.004146s ]
INFO: [ app_begin ] --END-- [ RunTime:0.004349s ]

[ 2013-11-13T12:05:01+08:00 ] 127.0.0.1 /
INFO: [ app_begin ] --START--
INFO: ReadHtmlCache Behavior ::run [ RunTime:0.005504s ]
INFO: [ app_begin ] --END-- [ RunTime:0.005723s ]

[ 2013-11-13T12:05:32+08:00 ] 127.0.0.1 /
INFO: [ app_begin ] --START--
INFO: ReadHtmlCache Behavior ::run [ RunTime:0.003601s ]
INFO: [ app_begin ] --END-- [ RunTime:0.003702s ]

[ 2013-11-13T12:05:50+08:00 ] 127.0.0.1 /
INFO: [ app_begin ] --START--
INFO: ReadHtmlCache Behavior ::run [ RunTime:0.004288s ]
INFO: [ app_begin ] --END-- [ RunTime:0.004384s ]

[ 2013-11-13T12:06:01+08:00 ] 127.0.0.1 /
INFO: [ app_begin ] --START--
INFO: ReadHtmlCache Behavior ::run [ RunTime:0.004170s ]
INFO: [ app_begin ] --END-- [ RunTime:0.004303s ]

[ 2013-11-13T12:07:00+08:00 ] 127.0.0.1 /
INFO: [ app_begin ] --START--
INFO: ReadHtmlCache Behavior ::run [ RunTime:0.005599s ]
INFO: [ app_begin ] --END-- [ RunTime:0.005710s ]
SQL: SHOW COLUMNS FROM `piao_user` [ RunTime:0.004310s ]

[ 2013-11-13T12:07:01+08:00 ] 127.0.0.1 /
INFO: [ app_begin ] --START--
INFO: ReadHtmlCache Behavior ::run [ RunTime:0.004124s ]
INFO: [ app_begin ] --END-- [ RunTime:0.004262s ]
SQL: SHOW COLUMNS FROM `piao_user` [ RunTime:0.002188s ]

[ 2013-11-13T12:07:02+08:00 ] 127.0.0.1 /
INFO: [ app_begin ] --START--
INFO: ReadHtmlCache Behavior ::run [ RunTime:0.004792s ]
INFO: [ app_begin ] --END-- [ RunTime:0.004895s ]
SQL: SHOW COLUMNS FROM `piao_user` [ RunTime:0.002993s ]

[ 2013-11-13T12:07:02+08:00 ] 127.0.0.1 /
INFO: [ app_begin ] --START--
INFO: ReadHtmlCache Behavior ::run [ RunTime:0.003824s ]
INFO: [ app_begin ] --END-- [ RunTime:0.003947s ]
SQL: SHOW COLUMNS FROM `piao_user` [ RunTime:0.002049s ]

[ 2013-11-13T12:07:46+08:00 ] 127.0.0.1 /
INFO: [ app_begin ] --START--
INFO: ReadHtmlCache Behavior ::run [ RunTime:0.005709s ]
INFO: [ app_begin ] --END-- [ RunTime:0.005843s ]
SQL: SHOW COLUMNS FROM `piao_user` [ RunTime:0.003237s ]

[ 2013-11-13T12:08:19+08:00 ] 127.0.0.1 /
INFO: [ app_begin ] --START--
INFO: ReadHtmlCache Behavior ::run [ RunTime:0.004210s ]
INFO: [ app_begin ] --END-- [ RunTime:0.004315s ]
SQL: SHOW COLUMNS FROM `piao_user` [ RunTime:0.003967s ]

[ 2013-11-13T12:08:36+08:00 ] 127.0.0.1 /
INFO: [ app_begin ] --START--
INFO: ReadHtmlCache Behavior ::run [ RunTime:0.003463s ]
INFO: [ app_begin ] --END-- [ RunTime:0.003549s ]
SQL: SHOW COLUMNS FROM `piao_user` [ RunTime:0.002596s ]

[ 2013-11-13T12:08:39+08:00 ] 127.0.0.1 /
INFO: [ app_begin ] --START--
INFO: ReadHtmlCache Behavior ::run [ RunTime:0.003998s ]
INFO: [ app_begin ] --END-- [ RunTime:0.004126s ]
SQL: SHOW COLUMNS FROM `piao_user` [ RunTime:0.001968s ]

[ 2013-11-13T12:09:21+08:00 ] 127.0.0.1 /
INFO: [ app_begin ] --START--
INFO: ReadHtmlCache Behavior ::run [ RunTime:0.003805s ]
INFO: [ app_begin ] --END-- [ RunTime:0.003934s ]
SQL: SHOW COLUMNS FROM `piao_user` [ RunTime:0.004521s ]

[ 2013-11-13T12:09:57+08:00 ] 127.0.0.1 /
INFO: [ app_begin ] --START--
INFO: ReadHtmlCache Behavior ::run [ RunTime:0.005697s ]
INFO: [ app_begin ] --END-- [ RunTime:0.005815s ]
SQL: SHOW COLUMNS FROM `piao_user` [ RunTime:0.003460s ]

[ 2013-11-13T12:10:07+08:00 ] 127.0.0.1 /
INFO: [ app_begin ] --START--
INFO: ReadHtmlCache Behavior ::run [ RunTime:0.003584s ]
INFO: [ app_begin ] --END-- [ RunTime:0.003677s ]
SQL: SHOW COLUMNS FROM `piao_user` [ RunTime:0.002424s ]
SQL: SELECT * FROM `piao_user`  [ RunTime:0.002269s ]

[ 2013-11-13T16:26:02+08:00 ] 127.0.0.1 /
INFO: [ app_begin ] --START--
INFO: ReadHtmlCache Behavior ::run [ RunTime:0.003716s ]
INFO: [ app_begin ] --END-- [ RunTime:0.003849s ]

[ 2013-11-13T16:29:02+08:00 ] 127.0.0.1 /
INFO: [ app_begin ] --START--
INFO: ReadHtmlCache Behavior ::run [ RunTime:0.006469s ]
INFO: [ app_begin ] --END-- [ RunTime:0.006688s ]

[ 2013-11-13T16:29:04+08:00 ] 127.0.0.1 /
INFO: [ app_begin ] --START--
INFO: ReadHtmlCache Behavior ::run [ RunTime:0.003480s ]
INFO: [ app_begin ] --END-- [ RunTime:0.003573s ]

[ 2013-11-13T16:29:13+08:00 ] 127.0.0.1 /
INFO: [ app_begin ] --START--
INFO: ReadHtmlCache Behavior ::run [ RunTime:0.003576s ]
INFO: [ app_begin ] --END-- [ RunTime:0.003669s ]
SQL: SHOW COLUMNS FROM `piao_user` [ RunTime:0.027170s ]
SQL: SELECT * FROM `piao_user`  [ RunTime:0.000925s ]

[ 2013-11-13T16:29:27+08:00 ] 127.0.0.1 /
INFO: [ app_begin ] --START--
INFO: ReadHtmlCache Behavior ::run [ RunTime:0.004090s ]
INFO: [ app_begin ] --END-- [ RunTime:0.004208s ]
SQL: SHOW COLUMNS FROM `piao_user` [ RunTime:0.029539s ]
SQL: SELECT * FROM `piao_user`  [ RunTime:0.000583s ]

[ 2013-11-13T16:29:44+08:00 ] 127.0.0.1 /
INFO: [ app_begin ] --START--
INFO: ReadHtmlCache Behavior ::run [ RunTime:0.003589s ]
INFO: [ app_begin ] --END-- [ RunTime:0.003747s ]
SQL: SHOW COLUMNS FROM `piao_user` [ RunTime:0.006449s ]
SQL: SELECT * FROM `piao_user`  [ RunTime:0.001325s ]

[ 2013-11-13T16:30:38+08:00 ] 127.0.0.1 /
INFO: [ app_begin ] --START--
INFO: ReadHtmlCache Behavior ::run [ RunTime:0.005253s ]
INFO: [ app_begin ] --END-- [ RunTime:0.005361s ]
SQL: SHOW COLUMNS FROM `piao_user` [ RunTime:0.002020s ]
SQL: SELECT * FROM `piao_user`  [ RunTime:0.000622s ]

[ 2013-11-13T16:30:39+08:00 ] 127.0.0.1 /
INFO: [ app_begin ] --START--
INFO: ReadHtmlCache Behavior ::run [ RunTime:0.004555s ]
INFO: [ app_begin ] --END-- [ RunTime:0.004689s ]
SQL: SHOW COLUMNS FROM `piao_user` [ RunTime:0.004062s ]
SQL: SELECT * FROM `piao_user`  [ RunTime:0.002348s ]

[ 2013-11-13T16:38:56+08:00 ] 127.0.0.1 /4e5e5d7364f443e28fbf0d3ae744a59a
INFO: [ route_check ] --START--
INFO: CheckRoute Behavior ::run [ RunTime:0.025762s ]
INFO: [ route_check ] --END-- [ RunTime:0.025889s ]
INFO: [ app_begin ] --START--
INFO: ReadHtmlCache Behavior ::run [ RunTime:0.003964s ]
INFO: [ app_begin ] --END-- [ RunTime:0.004182s ]

[ 2013-11-13T17:03:47+08:00 ] 127.0.0.1 /
INFO: [ app_begin ] --START--
INFO: ReadHtmlCache Behavior ::run [ RunTime:0.004112s ]
INFO: [ app_begin ] --END-- [ RunTime:0.004242s ]
SQL: SHOW COLUMNS FROM `piao_user` [ RunTime:0.003669s ]
SQL: SELECT * FROM `piao_user`  [ RunTime:0.000554s ]

[ 2013-11-13T17:03:48+08:00 ] 127.0.0.1 /
INFO: [ app_begin ] --START--
INFO: ReadHtmlCache Behavior ::run [ RunTime:0.004379s ]
INFO: [ app_begin ] --END-- [ RunTime:0.004480s ]
SQL: SHOW COLUMNS FROM `piao_user` [ RunTime:0.002451s ]
SQL: SELECT * FROM `piao_user`  [ RunTime:0.001252s ]

[ 2013-11-13T17:04:27+08:00 ] 127.0.0.1 /
INFO: [ app_begin ] --START--
INFO: ReadHtmlCache Behavior ::run [ RunTime:0.003769s ]
INFO: [ app_begin ] --END-- [ RunTime:0.003865s ]
SQL: SHOW COLUMNS FROM `piao_user` [ RunTime:0.002040s ]
SQL: SELECT * FROM `piao_user`  [ RunTime:0.001356s ]

[ 2013-11-13T17:04:48+08:00 ] 127.0.0.1 /
INFO: [ app_begin ] --START--
INFO: ReadHtmlCache Behavior ::run [ RunTime:0.004378s ]
INFO: [ app_begin ] --END-- [ RunTime:0.004490s ]
SQL: SHOW COLUMNS FROM `piao_user` [ RunTime:0.002498s ]
SQL: SELECT * FROM `piao_user`  [ RunTime:0.001853s ]

[ 2013-11-13T17:07:01+08:00 ] 127.0.0.1 /
INFO: [ app_begin ] --START--
INFO: ReadHtmlCache Behavior ::run [ RunTime:0.004662s ]
INFO: [ app_begin ] --END-- [ RunTime:0.004889s ]
SQL: SHOW COLUMNS FROM `piao_user` [ RunTime:0.002042s ]
SQL: SELECT * FROM `piao_user`  [ RunTime:0.000427s ]

[ 2013-11-13T17:07:02+08:00 ] 127.0.0.1 /
INFO: [ app_begin ] --START--
INFO: ReadHtmlCache Behavior ::run [ RunTime:0.005320s ]
INFO: [ app_begin ] --END-- [ RunTime:0.005434s ]
SQL: SHOW COLUMNS FROM `piao_user` [ RunTime:0.003906s ]
SQL: SELECT * FROM `piao_user`  [ RunTime:0.002434s ]

[ 2013-11-13T17:07:22+08:00 ] 127.0.0.1 /
INFO: [ app_begin ] --START--
INFO: ReadHtmlCache Behavior ::run [ RunTime:0.005126s ]
INFO: [ app_begin ] --END-- [ RunTime:0.005245s ]
NOTIC: [8] Undefined variable: class_name D:\phpnow\vhosts\jn\Common\Model\UserModel.class.php 第 7 行.
SQL: SHOW COLUMNS FROM `piao_user` [ RunTime:0.002195s ]
SQL: SELECT * FROM `piao_user`  [ RunTime:0.001631s ]

[ 2013-11-13T17:07:23+08:00 ] 127.0.0.1 /
INFO: [ app_begin ] --START--
INFO: ReadHtmlCache Behavior ::run [ RunTime:0.004506s ]
INFO: [ app_begin ] --END-- [ RunTime:0.004951s ]
NOTIC: [8] Undefined variable: class_name D:\phpnow\vhosts\jn\Common\Model\UserModel.class.php 第 7 行.
SQL: SHOW COLUMNS FROM `piao_user` [ RunTime:0.004196s ]
SQL: SELECT * FROM `piao_user`  [ RunTime:0.001142s ]

[ 2013-11-13T17:07:36+08:00 ] 127.0.0.1 /
INFO: [ app_begin ] --START--
INFO: ReadHtmlCache Behavior ::run [ RunTime:0.003903s ]
INFO: [ app_begin ] --END-- [ RunTime:0.004049s ]
SQL: SHOW COLUMNS FROM `piao_user` [ RunTime:0.002179s ]
SQL: SELECT * FROM `piao_user`  [ RunTime:0.001226s ]

[ 2013-11-13T17:07:59+08:00 ] 127.0.0.1 /
INFO: [ app_begin ] --START--
INFO: ReadHtmlCache Behavior ::run [ RunTime:0.008363s ]
INFO: [ app_begin ] --END-- [ RunTime:0.008533s ]
ERR: Passed array does not specify an existing static method

[ 2013-11-13T17:08:27+08:00 ] 127.0.0.1 /
INFO: [ app_begin ] --START--
INFO: ReadHtmlCache Behavior ::run [ RunTime:0.004415s ]
INFO: [ app_begin ] --END-- [ RunTime:0.004532s ]
ERR: Function 'autoload' not found

[ 2013-11-13T17:08:53+08:00 ] 127.0.0.1 /
INFO: [ app_begin ] --START--
INFO: ReadHtmlCache Behavior ::run [ RunTime:0.005685s ]
INFO: [ app_begin ] --END-- [ RunTime:0.005826s ]
ERR: Function 'autoload' not found

[ 2013-11-13T17:09:53+08:00 ] 127.0.0.1 /
INFO: [ app_begin ] --START--
INFO: ReadHtmlCache Behavior ::run [ RunTime:0.004591s ]
INFO: [ app_begin ] --END-- [ RunTime:0.004705s ]
ERR: Passed array does not specify an existing static method

[ 2013-11-13T17:11:42+08:00 ] 127.0.0.1 /
INFO: [ app_begin ] --START--
INFO: ReadHtmlCache Behavior ::run [ RunTime:0.004076s ]
INFO: [ app_begin ] --END-- [ RunTime:0.004176s ]
ERR: Passed array does not specify an existing static method

[ 2013-11-13T17:11:43+08:00 ] 127.0.0.1 /
INFO: [ app_begin ] --START--
INFO: ReadHtmlCache Behavior ::run [ RunTime:0.003602s ]
INFO: [ app_begin ] --END-- [ RunTime:0.003733s ]
ERR: Passed array does not specify an existing static method

[ 2013-11-13T17:11:59+08:00 ] 127.0.0.1 /
INFO: [ app_begin ] --START--
INFO: ReadHtmlCache Behavior ::run [ RunTime:0.003472s ]
INFO: [ app_begin ] --END-- [ RunTime:0.003562s ]
SQL: SHOW COLUMNS FROM `piao_user` [ RunTime:0.002259s ]
SQL: SELECT * FROM `piao_user`  [ RunTime:0.000511s ]

[ 2013-11-13T17:12:07+08:00 ] 127.0.0.1 /
INFO: [ app_begin ] --START--
INFO: ReadHtmlCache Behavior ::run [ RunTime:0.004080s ]
INFO: [ app_begin ] --END-- [ RunTime:0.004205s ]
SQL: SHOW COLUMNS FROM `piao_user` [ RunTime:0.002071s ]
SQL: SELECT * FROM `piao_user`  [ RunTime:0.000541s ]

[ 2013-11-13T17:12:08+08:00 ] 127.0.0.1 /
INFO: [ app_begin ] --START--
INFO: ReadHtmlCache Behavior ::run [ RunTime:0.003818s ]
INFO: [ app_begin ] --END-- [ RunTime:0.003910s ]
SQL: SHOW COLUMNS FROM `piao_user` [ RunTime:0.003904s ]
SQL: SELECT * FROM `piao_user`  [ RunTime:0.001383s ]

[ 2013-11-13T17:12:08+08:00 ] 127.0.0.1 /
INFO: [ app_begin ] --START--
INFO: ReadHtmlCache Behavior ::run [ RunTime:0.004288s ]
INFO: [ app_begin ] --END-- [ RunTime:0.004577s ]
SQL: SHOW COLUMNS FROM `piao_user` [ RunTime:0.002008s ]
SQL: SELECT * FROM `piao_user`  [ RunTime:0.000552s ]

[ 2013-11-13T17:12:20+08:00 ] 127.0.0.1 /
INFO: [ app_begin ] --START--
INFO: ReadHtmlCache Behavior ::run [ RunTime:0.003824s ]
INFO: [ app_begin ] --END-- [ RunTime:0.003988s ]
SQL: SHOW COLUMNS FROM `piao_user` [ RunTime:0.002396s ]
SQL: SELECT * FROM `piao_user`  [ RunTime:0.008655s ]

[ 2013-11-13T17:12:59+08:00 ] 127.0.0.1 /
INFO: [ app_begin ] --START--
INFO: ReadHtmlCache Behavior ::run [ RunTime:0.003583s ]
INFO: [ app_begin ] --END-- [ RunTime:0.003704s ]

[ 2013-11-13T17:19:28+08:00 ] 127.0.0.1 /
INFO: [ app_begin ] --START--
INFO: ReadHtmlCache Behavior ::run [ RunTime:0.004271s ]
INFO: [ app_begin ] --END-- [ RunTime:0.004604s ]

[ 2013-11-13T17:19:29+08:00 ] 127.0.0.1 /
INFO: [ app_begin ] --START--
INFO: ReadHtmlCache Behavior ::run [ RunTime:0.003620s ]
INFO: [ app_begin ] --END-- [ RunTime:0.003711s ]

[ 2013-11-13T17:20:15+08:00 ] 127.0.0.1 /
INFO: [ app_begin ] --START--
INFO: ReadHtmlCache Behavior ::run [ RunTime:0.004711s ]
INFO: [ app_begin ] --END-- [ RunTime:0.004814s ]
SQL: SHOW COLUMNS FROM `piao_user` [ RunTime:0.002577s ]
SQL: SELECT * FROM `piao_user`  [ RunTime:0.000858s ]

[ 2013-11-13T17:22:33+08:00 ] 127.0.0.1 /
NOTIC: [8] Constant BASE_LIB_PATH already defined D:\phpnow\vhosts\jn\core\Lib\Core\Dispatcher.class.php 第 153 行.
INFO: [ app_begin ] --START--
INFO: ReadHtmlCache Behavior ::run [ RunTime:0.004443s ]
INFO: [ app_begin ] --END-- [ RunTime:0.004537s ]
ERR: 无法加载模块:Index

[ 2013-11-13T17:24:08+08:00 ] 127.0.0.1 /
INFO: [ app_begin ] --START--
INFO: ReadHtmlCache Behavior ::run [ RunTime:0.006865s ]
INFO: [ app_begin ] --END-- [ RunTime:0.006971s ]

[ 2013-11-13T17:24:31+08:00 ] 127.0.0.1 /
INFO: [ app_begin ] --START--
INFO: ReadHtmlCache Behavior ::run [ RunTime:0.004970s ]
INFO: [ app_begin ] --END-- [ RunTime:0.005124s ]
SQL: SHOW COLUMNS FROM `piao_user` [ RunTime:0.002341s ]
SQL: SELECT * FROM `piao_user`  [ RunTime:0.001306s ]

[ 2013-11-13T17:42:16+08:00 ] 127.0.0.1 /
INFO: [ app_begin ] --START--
INFO: ReadHtmlCache Behavior ::run [ RunTime:0.003900s ]
INFO: [ app_begin ] --END-- [ RunTime:0.004034s ]
SQL: SHOW COLUMNS FROM `piao_user` [ RunTime:0.002110s ]
SQL: SELECT * FROM `piao_user`  [ RunTime:0.000483s ]

[ 2013-11-13T17:42:28+08:00 ] 127.0.0.1 /
INFO: [ app_begin ] --START--
INFO: ReadHtmlCache Behavior ::run [ RunTime:0.004009s ]
INFO: [ app_begin ] --END-- [ RunTime:0.004113s ]
SQL: SHOW COLUMNS FROM `piao_user` [ RunTime:0.002610s ]
SQL: SELECT * FROM `piao_user`  [ RunTime:0.001650s ]

[ 2013-11-13T17:42:47+08:00 ] 127.0.0.1 /
INFO: [ app_begin ] --START--
INFO: ReadHtmlCache Behavior ::run [ RunTime:0.004872s ]
INFO: [ app_begin ] --END-- [ RunTime:0.005079s ]
SQL: SHOW COLUMNS FROM `piao_user` [ RunTime:0.002261s ]
SQL: SELECT * FROM `piao_user`  [ RunTime:0.000831s ]

[ 2013-11-13T17:42:48+08:00 ] 127.0.0.1 /
INFO: [ app_begin ] --START--
INFO: ReadHtmlCache Behavior ::run [ RunTime:0.004008s ]
INFO: [ app_begin ] --END-- [ RunTime:0.004111s ]
SQL: SHOW COLUMNS FROM `piao_user` [ RunTime:0.002847s ]
SQL: SELECT * FROM `piao_user`  [ RunTime:0.000471s ]

[ 2013-11-13T17:43:03+08:00 ] 127.0.0.1 /
INFO: [ app_begin ] --START--
INFO: ReadHtmlCache Behavior ::run [ RunTime:0.004087s ]
INFO: [ app_begin ] --END-- [ RunTime:0.004187s ]
SQL: SHOW COLUMNS FROM `piao_user` [ RunTime:0.002038s ]
ERR: Model:GetList您所请求的方法不存在！

[ 2013-11-13T17:43:12+08:00 ] 127.0.0.1 /
INFO: [ app_begin ] --START--
INFO: ReadHtmlCache Behavior ::run [ RunTime:0.004571s ]
INFO: [ app_begin ] --END-- [ RunTime:0.004677s ]
SQL: SHOW COLUMNS FROM `piao_user` [ RunTime:0.002381s ]
SQL: SELECT * FROM `piao_user`  [ RunTime:0.001502s ]

[ 2013-11-13T17:49:32+08:00 ] 127.0.0.1 /
INFO: [ app_begin ] --START--
INFO: ReadHtmlCache Behavior ::run [ RunTime:0.004252s ]
INFO: [ app_begin ] --END-- [ RunTime:0.004355s ]
SQL: SHOW COLUMNS FROM `piao_user` [ RunTime:0.002446s ]
ERR: Model:GetList您所请求的方法不存在！

[ 2013-11-13T17:49:34+08:00 ] 127.0.0.1 /
INFO: [ app_begin ] --START--
INFO: ReadHtmlCache Behavior ::run [ RunTime:0.004056s ]
INFO: [ app_begin ] --END-- [ RunTime:0.004151s ]
SQL: SHOW COLUMNS FROM `piao_user` [ RunTime:0.003834s ]
ERR: Model:GetList您所请求的方法不存在！

[ 2013-11-13T17:50:45+08:00 ] 127.0.0.1 /
INFO: [ app_begin ] --START--
INFO: ReadHtmlCache Behavior ::run [ RunTime:0.003759s ]
INFO: [ app_begin ] --END-- [ RunTime:0.003857s ]
SQL: SHOW COLUMNS FROM `piao_user` [ RunTime:0.003005s ]
ERR: Model:GetList您所请求的方法不存在！

[ 2013-11-13T17:51:48+08:00 ] 127.0.0.1 /
INFO: [ app_begin ] --START--
INFO: ReadHtmlCache Behavior ::run [ RunTime:0.008974s ]
INFO: [ app_begin ] --END-- [ RunTime:0.009079s ]
SQL: SHOW COLUMNS FROM `piao_user` [ RunTime:0.002269s ]
SQL: SELECT * FROM `piao_user`  [ RunTime:0.001628s ]

